#
# A fatal error has been detected by the Java Runtime Environment:
#
#  EXCEPTION_ACCESS_VIOLATION (0xc0000005) at pc=0x00007ffbabef26c4, pid=12748, tid=9680
#
# JRE version: OpenJDK Runtime Environment (24.0.1+9) (build 24.0.1+9-30)
# Java VM: OpenJDK 64-Bit Server VM (24.0.1+9-30, mixed mode, emulated-client, sharing, tiered, compressed oops, compressed class ptrs, g1 gc, windows-amd64)
# Problematic frame:
# C  [libasyncProfiler.dll+0x926c4]
#
# No core dump will be written. Minidumps are not enabled by default on client versions of Windows
#
# JFR recording file will be written. Location: D:\online_shop\springboot\hs_err_pid12748.jfr
#
# If you would like to submit a bug report, please visit:
#   https://bugreport.java.com/bugreport/crash.jsp
# The crash happened outside the Java Virtual Machine in native code.
# See problematic frame for where to report the bug.
#

---------------  S U M M A R Y ------------

Command Line: -XX:TieredStopAtLevel=1 -Dspring.output.ansi.enabled=always -Dcom.sun.management.jmxremote -Dspring.jmx.enabled=true -Dspring.liveBeansView.mbeanDomain -Dspring.application.admin.enabled=true -Dmanagement.endpoints.jmx.exposure.include=* -javaagent:C:\Program Files\JetBrains\IntelliJ IDEA 2025.1.2\lib\idea_rt.jar=64020 -Dfile.encoding=UTF-8 -Dsun.stdout.encoding=UTF-8 -Dsun.stderr.encoding=UTF-8 com.onlineshop.springboot.SpringbootApplication

Host: Intel(R) Core(TM) i3-8130U CPU @ 2.20GHz, 4 cores, 7G,  Windows 10 , 64 bit Build 19041 (10.0.19041.4957)
Time: Wed Jun 25 12:00:05 2025 RTZ 2 (s 10 , 64 bit Build 19041 (10.0.19041.4957) elapsed time: 290.956715 seconds (0d 0h 4m 50s)

---------------  T H R E A D  ---------------

Current thread (0x0000020fde71a710):  JavaThread "Attach Listener" daemon [_thread_in_native, id=9680, stack(0x000000303df00000,0x000000303e000000) (1024K)]

Stack: [0x000000303df00000,0x000000303e000000],  sp=0x000000303dffedf0,  free space=1019k
Native frames: (J=compiled Java code, j=interpreted, Vv=VM code, C=native code)
C  [libasyncProfiler.dll+0x926c4]  (no source info available)
C  [libasyncProfiler.dll+0x92b9b]  (no source info available)
C  [libasyncProfiler.dll+0x917f4]  (no source info available)
C  [libasyncProfiler.dll+0x9206a]  (no source info available)
C  [libasyncProfiler.dll+0x8cc21]  (no source info available)
C  [libasyncProfiler.dll+0x7e5e1]  (no source info available)
C  [libasyncProfiler.dll+0x7d2f8]  (no source info available)
C  [libasyncProfiler.dll+0x7d1e0]  (no source info available)
C  [libasyncProfiler.dll+0x841b9]  (no source info available)
V  [jvm.dll+0x57eff7]  (no source info available)
V  [jvm.dll+0x57fdac]  (no source info available)
V  [jvm.dll+0x14ca17]  (no source info available)
V  [jvm.dll+0x14dfe1]  (no source info available)
V  [jvm.dll+0x42f456]  (no source info available)
V  [jvm.dll+0x87d76b]  (no source info available)
V  [jvm.dll+0x72ee55]  (no source info available)
C  [ucrtbase.dll+0x21bb2]  (no source info available)
C  [KERNEL32.DLL+0x17374]  (no source info available)
C  [ntdll.dll+0x4cc91]  (no source info available)


siginfo: EXCEPTION_ACCESS_VIOLATION (0xc0000005), reading address 0xffffffffffffffff


Registers:
RAX=0x0000000000000010, RBX=0x0000000000000000, RCX=0xffffffffffffffff, RDX=0x007ffb727f300010
RSP=0x000000303dffedf0, RBP=0x0000020fc73954b8, RSI=0x000000303dffef60, RDI=0x0000020fc73954b8
R8 =0x0000000000000042, R9 =0x00000000819d7fa0, R10=0x00007ffb72a69fb0, R11=0x0000000000000036
R12=0x000000303dffef60, R13=0x0000020fc714d170, R14=0x0000020fde71aad8, R15=0x0000020fde71aad8
RIP=0x00007ffbabef26c4, EFLAGS=0x0000000000010202

XMM[0]=0x0000000000000000 0x0000000000000000
XMM[1]=0x0000000000000000 0x0000000000000000
XMM[2]=0x0000000000000000 0x0000000000000000
XMM[3]=0x0000000000000000 0x0000000000000000
XMM[4]=0x0000000000000000 0x0000000000000000
XMM[5]=0x0000000000000000 0x0000000000000000
XMM[6]=0x0000000000000000 0x0000000000000000
XMM[7]=0x0000000000000000 0x0000000000000000
XMM[8]=0x0000000000000000 0x0000000000000000
XMM[9]=0x0000000000000000 0x0000000000000000
XMM[10]=0x0000000000000000 0x0000000000000000
XMM[11]=0x0000000000000000 0x0000000000000000
XMM[12]=0x0000000000000000 0x0000000000000000
XMM[13]=0x0000000000000000 0x0000000000000000
XMM[14]=0x0000000000000000 0x0000000000000000
XMM[15]=0x0000000000000000 0x0000000000000000
  MXCSR=0x00001fa0


Register to memory mapping:

RAX=0x0000000000000010 is an unknown value
RBX=0x0 is null
RCX=0xffffffffffffffff is an unknown value
RDX=0x007ffb727f300010 is an unknown value
RSP=0x000000303dffedf0 is pointing into the stack for thread: 0x0000020fde71a710
RBP=0x0000020fc73954b8 points into unknown readable memory: 0x00000000819d7fa0 | a0 7f 9d 81 00 00 00 00
RSI=0x000000303dffef60 is pointing into the stack for thread: 0x0000020fde71a710
RDI=0x0000020fc73954b8 points into unknown readable memory: 0x00000000819d7fa0 | a0 7f 9d 81 00 00 00 00
R8 =0x0000000000000042 is an unknown value
R9 =0x00000000819d7fa0 is an oop: java.lang.ref.Reference$ReferenceHandler 
{0x00000000819d7fa0} - klass: 'java/lang/ref/Reference$ReferenceHandler' - flags: 

 - ---- fields (total size 14 words):
 - 'threadLocalRandomProbe' 'I' @12  0 (0x00000000)
 - private volatile 'eetop' 'J' @16  2267179737056 (0x0000020fde715fe0)
 - private final 'tid' 'J' @24  13 (0x000000000000000d)
 - 'threadLocalRandomSeed' 'J' @32  0 (0x0000000000000000)
 - injected 'jvmti_thread_state' 'J' @40  2266785454800 (0x0000020fc6f11ad0)
 - 'threadLocalRandomSecondarySeed' 'I' @48  0 (0x00000000)
 - injected 'jvmti_VTMS_transition_disable_count' 'I' @52  0 (0x00000000)
 - injected 'jfr_epoch' 'S' @56  0 (0x0000)
 - volatile 'interrupted' 'Z' @58  false (0x00)
 - injected 'jvmti_is_in_VTMS_transition' 'Z' @59  false (0x00)
 - private volatile 'name' 'Ljava/lang/String;' @60  "Reference Handler"{0x00000000ffe0a468} (0xffe0a468)
 - private volatile 'contextClassLoader' 'Ljava/lang/ClassLoader;' @64  null (0x00000000)
 - private final 'holder' 'Ljava/lang/Thread$FieldHolder;' @68  a 'java/lang/Thread$FieldHolder'{0x000000008195ead8} (0x8195ead8)
 - 'threadLocals' 'Ljava/lang/ThreadLocal$ThreadLocalMap;' @72  null (0x00000000)
 - 'inheritableThreadLocals' 'Ljava/lang/ThreadLocal$ThreadLocalMap;' @76  null (0x00000000)
 - private 'scopedValueBindings' 'Ljava/lang/Object;' @80  a 'java/lang/Class'{0x00000000ffe7c258} = 'java/lang/Thread' (0xffe7c258)
 - final 'interruptLock' 'Ljava/lang/Object;' @84  a 'java/lang/Object'{0x000000008195eb00} (0x8195eb00)
 - private volatile 'parkBlocker' 'Ljava/lang/Object;' @88  null (0x00000000)
 - private 'nioBlocker' 'Lsun/nio/ch/Interruptible;' @92  null (0x00000000)
 - private 'cont' 'Ljdk/internal/vm/Continuation;' @96  null (0x00000000)
 - private volatile 'uncaughtExceptionHandler' 'Ljava/lang/Thread$UncaughtExceptionHandler;' @100  null (0x00000000)
 - private 'container' 'Ljdk/internal/vm/ThreadContainer;' @104  null (0x00000000)
 - private volatile 'headStackableScopes' 'Ljdk/internal/vm/StackableScope;' @108  null (0x00000000)
R10=0x00007ffb72a69fb0 jvm.dll
R11=0x0000000000000036 is an unknown value
R12=0x000000303dffef60 is pointing into the stack for thread: 0x0000020fde71a710
R13=0x0000020fc714d170 points into unknown readable memory: 0x00007ffb729da510 | 10 a5 9d 72 fb 7f 00 00
R14=0x0000020fde71aad8 points into unknown readable memory: 0x00007ffb729d17b0 | b0 17 9d 72 fb 7f 00 00
R15=0x0000020fde71aad8 points into unknown readable memory: 0x00007ffb729d17b0 | b0 17 9d 72 fb 7f 00 00

Top of Stack: (sp=0x000000303dffedf0)
0x000000303dffedf0:   000000303dffef60 0000020fc73954b8   `..=0....T9.....
0x000000303dffee00:   0000000000000000 0000020fde71be70   ........p.q.....
0x000000303dffee10:   000000000000002f 00007ffbabef2b9b   /........+......
0x000000303dffee20:   0000000000000000 0000020fde71aad8   ..........q.....
0x000000303dffee30:   000000303dffef01 0000000000000000   ...=0...........
0x000000303dffee40:   0000020fc7031a00 00007ffbabef17f4   ................
0x000000303dffee50:   0000000000000000 000000000000002f   ......../.......
0x000000303dffee60:   0000000000000000 000000000000002f   ......../.......
0x000000303dffee70:   0000001f00000000 0000020fc62e5a00   .........Z......
0x000000303dffee80:   0000020fc7031a00 0000020fc7031abc   ................
0x000000303dffee90:   0000020fc7031afc 000000000000345c   ........\4......
0x000000303dffeea0:   0000000000000000 0000000000000000   ................
0x000000303dffeeb0:   0000000000000000 00007ffb722357d4   .........W#r....
0x000000303dffeec0:   00007ffbac034ca0 00000000000031cc   .L.......1......
0x000000303dffeed0:   00007ffbac034ca0 00000000ffffffff   .L..............
0x000000303dffeee0:   0000000000000000 00007ffbabef206a   ........j ......
0x000000303dffeef0:   0000020fde71aad8 0000000000000000   ..q.............
0x000000303dffef00:   000000303dffef69 0000020fc714d170   i..=0...p.......
0x000000303dffef10:   0000000000000003 0000000000000048   ........H.......
0x000000303dffef20:   0000000800800310 0000000000000020   ........ .......
0x000000303dffef30:   0000020fde71aad8 00007ffbac034ca0   ..q......L......
0x000000303dffef40:   0000020fde71b930 0000020fc6f11ad0   0.q.............
0x000000303dffef50:   0000000800800390 0000020fde71aad8   ..........q.....
0x000000303dffef60:   0000020fc9280210 0000020fc92807f0   ..(.......(.....
0x000000303dffef70:   0000020fc92807f0 00007ffbac034ca0   ..(......L......
0x000000303dffef80:   000000303dfff0f8 0000020fcbf40000   ...=0...........
0x000000303dffef90:   000000303dfff230 0000000000008840   0..=0...@.......
0x000000303dffefa0:   000000303dfff410 00007ffbac034cf0   ...=0....L......
0x000000303dffefb0:   0000000000989680 0000000000989680   ................
0x000000303dffefc0:   000000303dfff0d0 00007ffbabeecc21   ...=0...!.......
0x000000303dffefd0:   00007ffbac034ca0 00007ffbac034cf8   .L.......L......
0x000000303dffefe0:   00007ffb00000000 00007ffb00000001   ................

Instructions: (pc=0x00007ffbabef26c4)
  0x00007ffbabef25c4:   cc cc cc cc cc cc cc cc cc cc cc cc cc cc cc cc
  0x00007ffbabef25d4:   cc cc cc cc cc cc cc cc cc cc cc cc cc cc cc cc
  0x00007ffbabef25e4:   cc cc cc cc cc cc cc cc cc cc cc cc cc cc cc cc
  0x00007ffbabef25f4:   cc cc cc cc cc cc cc cc cc cc cc cc cc cc cc cc
  0x00007ffbabef2604:   cc cc cc cc cc cc cc cc cc cc cc cc cc cc cc cc
  0x00007ffbabef2614:   cc cc cc cc cc cc cc cc cc cc cc cc cc cc cc cc
  0x00007ffbabef2624:   cc cc cc cc cc cc cc cc cc cc cc cc cc cc cc cc
  0x00007ffbabef2634:   cc cc cc cc cc cc cc cc cc cc cc cc cc cc cc cc
  0x00007ffbabef2644:   cc cc cc cc cc cc cc cc cc cc cc cc 40 57 48 83
  0x00007ffbabef2654:   ec 20 48 8b f9 48 8b 0d 10 28 14 00 48 85 c9 74
  0x00007ffbabef2664:   20 48 8b 01 48 8d 54 24 38 41 b8 06 00 01 00 4c
  0x00007ffbabef2674:   8b 48 30 41 ff d1 85 c0 75 07 48 8b 4c 24 38 eb
  0x00007ffbabef2684:   02 33 c9 4c 8b 05 ea 28 14 00 48 89 5c 24 30 4d
  0x00007ffbabef2694:   85 c0 74 4a 48 8b 01 48 8b d7 4c 8b 88 28 03 00
  0x00007ffbabef26a4:   00 41 ff d1 48 85 c0 74 35 48 63 0d f8 e6 13 00
  0x00007ffbabef26b4:   48 8b 14 01 48 85 d2 74 15 48 63 05 fc e6 13 00
=>0x00007ffbabef26c4:   8b 04 10 48 8b 5c 24 30 48 83 c4 20 5f c3 b8 ff
  0x00007ffbabef26d4:   ff ff ff 48 8b 5c 24 30 48 83 c4 20 5f c3 80 3d
  0x00007ffbabef26e4:   9b 27 14 00 00 bb ff ff ff ff 74 20 4c 8b 0d 31
  0x00007ffbabef26f4:   24 14 00 4c 8d 44 24 38 48 8b 0d 15 24 14 00 48
  0x00007ffbabef2704:   8b d7 41 ff d1 85 c0 0f 44 5c 24 38 8b c3 48 8b
  0x00007ffbabef2714:   5c 24 30 48 83 c4 20 5f c3 cc cc cc cc cc cc cc
  0x00007ffbabef2724:   cc cc cc cc cc cc cc cc cc cc cc cc cc cc cc cc
  0x00007ffbabef2734:   cc cc cc cc cc cc cc cc cc cc cc cc cc cc cc cc
  0x00007ffbabef2744:   cc cc cc cc cc cc cc cc cc cc cc cc 48 89 54 24
  0x00007ffbabef2754:   10 53 55 56 57 41 56 41 57 48 83 ec 28 48 8b f2
  0x00007ffbabef2764:   4c 8b f1 48 89 4c 24 78 45 33 ff 44 89 7c 24 68
  0x00007ffbabef2774:   c7 44 24 60 01 00 00 00 48 8d 4c 24 68 e8 ed 42
  0x00007ffbabef2784:   f7 ff 8b d8 48 8d 4c 24 60 e8 e1 42 f7 ff 8b e8
  0x00007ffbabef2794:   49 8b ce e8 00 fc f6 ff 48 8b f8 90 8b c3 f0 0f
  0x00007ffbabef27a4:   b1 2f 74 04 f3 90 eb f4 4c 89 3e 4c 89 7e 08 4c
  0x00007ffbabef27b4:   89 7e 10 49 8b 6e 08 4d 8b 76 10 49 3b ee 0f 84


Stack slot to memory mapping:

stack at sp + 0 slots: 0x000000303dffef60 is pointing into the stack for thread: 0x0000020fde71a710
stack at sp + 1 slots: 0x0000020fc73954b8 points into unknown readable memory: 0x00000000819d7fa0 | a0 7f 9d 81 00 00 00 00
stack at sp + 2 slots: 0x0 is null
stack at sp + 3 slots: 0x0000020fde71be70 points into unknown readable memory: 0x6e616c2e6176616a | 6a 61 76 61 2e 6c 61 6e
stack at sp + 4 slots: 0x000000000000002f is an unknown value
stack at sp + 5 slots: 0x00007ffbabef2b9b libasyncProfiler.dll
stack at sp + 6 slots: 0x0 is null
stack at sp + 7 slots: 0x0000020fde71aad8 points into unknown readable memory: 0x00007ffb729d17b0 | b0 17 9d 72 fb 7f 00 00

Lock stack of current Java thread (top to bottom):


---------------  P R O C E S S  ---------------

Threads class SMR info:
_java_thread_list=0x0000020fc6e89840, length=35, elements={
0x0000020fde715fe0, 0x0000020fde717ca0, 0x0000020fde719be0, 0x0000020fde71a710,
0x0000020fde71c9f0, 0x0000020fde71f8e0, 0x0000020fde727ca0, 0x0000020fc50d2310,
0x0000020fc558d800, 0x0000020fc558df40, 0x0000020fc5b95ed0, 0x0000020fc5bb7720,
0x0000020fc5bb8bd0, 0x0000020fc6099de0, 0x0000020fc609ac80, 0x0000020fc60987f0,
0x0000020fc6098f40, 0x0000020fc609a530, 0x0000020fc6099690, 0x0000020fc6ed0020,
0x0000020fc6ecf180, 0x0000020fc6ed0770, 0x0000020fc6ed0ec0, 0x0000020fc6ecd440,
0x0000020fc6ecdb90, 0x0000020fc6ece2e0, 0x0000020fc6ed1610, 0x0000020fc6ecccf0,
0x0000020fc6ecea30, 0x0000020fc6ecf8d0, 0x0000020fc6ed1d60, 0x0000020fc6ed24b0,
0x0000020fc6ecb700, 0x0000020fc924b930, 0x0000020fc9251480
}

Java Threads: ( => current thread )
  0x0000020fde715fe0 JavaThread "Reference Handler"          daemon [_thread_blocked, id=7756, stack(0x000000303dc00000,0x000000303dd00000) (1024K)]
  0x0000020fde717ca0 JavaThread "Finalizer"                  daemon [_thread_blocked, id=12700, stack(0x000000303dd00000,0x000000303de00000) (1024K)]
  0x0000020fde719be0 JavaThread "Signal Dispatcher"          daemon [_thread_blocked, id=11408, stack(0x000000303de00000,0x000000303df00000) (1024K)]
=>0x0000020fde71a710 JavaThread "Attach Listener"            daemon [_thread_in_native, id=9680, stack(0x000000303df00000,0x000000303e000000) (1024K)]
  0x0000020fde71c9f0 JavaThread "Service Thread"             daemon [_thread_blocked, id=14268, stack(0x000000303e000000,0x000000303e100000) (1024K)]
  0x0000020fde71f8e0 JavaThread "Monitor Deflation Thread"   daemon [_thread_blocked, id=11576, stack(0x000000303e100000,0x000000303e200000) (1024K)]
  0x0000020fde727ca0 JavaThread "C1 CompilerThread0"         daemon [_thread_blocked, id=11272, stack(0x000000303e200000,0x000000303e300000) (1024K)]
  0x0000020fc50d2310 JavaThread "Common-Cleaner"             daemon [_thread_blocked, id=14156, stack(0x000000303e400000,0x000000303e500000) (1024K)]
  0x0000020fc558d800 JavaThread "Monitor Ctrl-Break"         daemon [_thread_in_native, id=12012, stack(0x000000303e300000,0x000000303e400000) (1024K)]
  0x0000020fc558df40 JavaThread "Notification Thread"        daemon [_thread_blocked, id=1160, stack(0x000000303e500000,0x000000303e600000) (1024K)]
  0x0000020fc5b95ed0 JavaThread "RMI TCP Accept-0"           daemon [_thread_in_native, id=14876, stack(0x000000303e800000,0x000000303e900000) (1024K)]
  0x0000020fc5bb7720 JavaThread "JMX server connection timeout 29" daemon [_thread_blocked, id=13488, stack(0x000000303eb00000,0x000000303ec00000) (1024K)]
  0x0000020fc5bb8bd0 JavaThread "RMI Scheduler(0)"           daemon [_thread_blocked, id=11972, stack(0x000000303ec00000,0x000000303ed00000) (1024K)]
  0x0000020fc6099de0 JavaThread "Catalina-utility-1"                [_thread_blocked, id=14360, stack(0x000000303f200000,0x000000303f300000) (1024K)]
  0x0000020fc609ac80 JavaThread "Catalina-utility-2"                [_thread_blocked, id=13340, stack(0x000000303f300000,0x000000303f400000) (1024K)]
  0x0000020fc60987f0 JavaThread "container-0"                       [_thread_blocked, id=6104, stack(0x000000303f400000,0x000000303f500000) (1024K)]
  0x0000020fc6098f40 JavaThread "PostgreSQL-JDBC-Cleaner"    daemon [_thread_blocked, id=13624, stack(0x000000303d200000,0x000000303d300000) (1024K)]
  0x0000020fc609a530 JavaThread "HikariPool-1:housekeeper"   daemon [_thread_blocked, id=7768, stack(0x000000303d300000,0x000000303d400000) (1024K)]
  0x0000020fc6099690 JavaThread "http-nio-8080-exec-1"       daemon [_thread_blocked, id=5900, stack(0x000000303e600000,0x000000303e700000) (1024K)]
  0x0000020fc6ed0020 JavaThread "http-nio-8080-exec-2"       daemon [_thread_blocked, id=13388, stack(0x000000303f100000,0x000000303f200000) (1024K)]
  0x0000020fc6ecf180 JavaThread "http-nio-8080-exec-3"       daemon [_thread_blocked, id=14264, stack(0x000000303f500000,0x000000303f600000) (1024K)]
  0x0000020fc6ed0770 JavaThread "http-nio-8080-exec-4"       daemon [_thread_blocked, id=13456, stack(0x000000303f600000,0x000000303f700000) (1024K)]
  0x0000020fc6ed0ec0 JavaThread "http-nio-8080-exec-5"       daemon [_thread_blocked, id=7108, stack(0x000000303f700000,0x000000303f800000) (1024K)]
  0x0000020fc6ecd440 JavaThread "http-nio-8080-exec-6"       daemon [_thread_blocked, id=14560, stack(0x000000303f800000,0x000000303f900000) (1024K)]
  0x0000020fc6ecdb90 JavaThread "http-nio-8080-exec-7"       daemon [_thread_blocked, id=13548, stack(0x000000303f900000,0x000000303fa00000) (1024K)]
  0x0000020fc6ece2e0 JavaThread "http-nio-8080-exec-8"       daemon [_thread_blocked, id=12284, stack(0x000000303fa00000,0x000000303fb00000) (1024K)]
  0x0000020fc6ed1610 JavaThread "http-nio-8080-exec-9"       daemon [_thread_blocked, id=3424, stack(0x000000303fb00000,0x000000303fc00000) (1024K)]
  0x0000020fc6ecccf0 JavaThread "http-nio-8080-exec-10"      daemon [_thread_blocked, id=3032, stack(0x000000303fc00000,0x000000303fd00000) (1024K)]
  0x0000020fc6ecea30 JavaThread "http-nio-8080-Poller"       daemon [_thread_in_native, id=12988, stack(0x000000303fd00000,0x000000303fe00000) (1024K)]
  0x0000020fc6ecf8d0 JavaThread "http-nio-8080-Acceptor"     daemon [_thread_in_native, id=2672, stack(0x000000303fe00000,0x000000303ff00000) (1024K)]
  0x0000020fc6ed1d60 JavaThread "DestroyJavaVM"                     [_thread_blocked, id=12040, stack(0x000000303d400000,0x000000303d500000) (1024K)]
  0x0000020fc6ed24b0 JavaThread "RMI TCP Connection(6)-192.168.56.1" daemon [_thread_in_native, id=15008, stack(0x000000303ff00000,0x0000003040000000) (1024K)]
  0x0000020fc6ecb700 JavaThread "JFR Recorder Thread"        daemon [_thread_in_native, id=3664, stack(0x000000303e700000,0x000000303e800000) (1024K)]
  0x0000020fc924b930 JavaThread "C1 CompilerThread1"         daemon [_thread_blocked, id=11580, stack(0x000000303e900000,0x000000303ea00000) (1024K)]
  0x0000020fc9251480 JavaThread "JFR Periodic Tasks"         daemon [_thread_blocked, id=13404, stack(0x000000303ea00000,0x000000303eb00000) (1024K)]
Total: 35

Other Threads:
  0x0000020fde701fd0 VMThread "VM Thread"                           [id=5776, stack(0x000000303db00000,0x000000303dc00000) (1024K)]
  0x0000020fde5d1c30 WatcherThread "VM Periodic Task Thread"        [id=6904, stack(0x000000303da00000,0x000000303db00000) (1024K)]
  0x0000020fce255aa0 WorkerThread "GC Thread#0"                     [id=14816, stack(0x000000303d500000,0x000000303d600000) (1024K)]
  0x0000020fc5cb8cf0 WorkerThread "GC Thread#1"                     [id=7260, stack(0x000000303ee00000,0x000000303ef00000) (1024K)]
  0x0000020fc5cb90a0 WorkerThread "GC Thread#2"                     [id=14088, stack(0x000000303ef00000,0x000000303f000000) (1024K)]
  0x0000020fc5cdbbe0 WorkerThread "GC Thread#3"                     [id=13516, stack(0x000000303f000000,0x000000303f100000) (1024K)]
  0x0000020fce26a590 ConcurrentGCThread "G1 Main Marker"            [id=8044, stack(0x000000303d600000,0x000000303d700000) (1024K)]
  0x0000020fce26bec0 WorkerThread "G1 Conc#0"                       [id=14568, stack(0x000000303d700000,0x000000303d800000) (1024K)]
  0x0000020fce2bd7e0 ConcurrentGCThread "G1 Refine#0"               [id=7344, stack(0x000000303d800000,0x000000303d900000) (1024K)]
  0x0000020fce2be010 ConcurrentGCThread "G1 Service"                [id=12304, stack(0x000000303d900000,0x000000303da00000) (1024K)]
Total: 10

Threads with active compile tasks:
Total: 0

VM state: not at safepoint (normal execution)

VM Mutex/Monitor currently owned by a thread: None

Heap address: 0x0000000081600000, size: 2026 MB, Compressed Oops mode: 32-bit

CDS archive(s) mapped at: [0x0000020f80000000-0x0000020f80d40000-0x0000020f80d40000), size 13893632, SharedBaseAddress: 0x0000020f80000000, ArchiveRelocationMode: 1.
Compressed class space mapped at: 0x0000020f81000000-0x0000020fc1000000, reserved size: 1073741824
UseCompressedClassPointers 1, UseCompactObjectHeaders 0
Narrow klass pointer bits 32, Max shift 3
Narrow klass base: 0x0000020f80000000, Narrow klass shift: 0
Encoding Range: [0x0000020f80000000 - 0x0000021080000000), (4294967296 bytes)
Klass Range:    [0x0000020f80000000 - 0x0000020fc1000000), (1090519040 bytes)
Klass ID Range:  [8 - 1090519033) (1090519025)

GC Precious Log:
 CardTable entry size: 512
 Card Set container configuration: InlinePtr #cards 5 size 8 Array Of Cards #cards 10 size 36 Howl #buckets 4 coarsen threshold 1843 Howl Bitmap #cards 512 size 80 coarsen threshold 460 Card regions per heap region 1 cards per card region 2048
 CPUs: 4 total, 4 available
 Memory: 8101M
 Large Page Support: Disabled
 NUMA Support: Disabled
 Compressed Oops: Enabled (32-bit)
 Heap Region Size: 1M
 Heap Min Capacity: 8M
 Heap Initial Capacity: 128M
 Heap Max Capacity: 2026M
 Pre-touch: Disabled
 Parallel Workers: 4
 Concurrent Workers: 1
 Concurrent Refinement Workers: 4
 Periodic GC: Disabled

Heap:
 garbage-first heap   total reserved 2074624K, committed 55296K, used 40256K [0x0000000081600000, 0x0000000100000000)
  region size 1024K, 10 young (10240K), 2 survivors (2048K)
 Metaspace       used 67197K, committed 67712K, reserved 1114112K
  class space    used 7988K, committed 8192K, reserved 1048576K

Heap Regions: E=young(eden), S=young(survivor), O=old, HS=humongous(starts), HC=humongous(continues), CS=collection set, F=free, TAMS=top-at-mark-start, PB=parsable bottom
|   0|0x0000000081600000, 0x0000000081700000, 0x0000000081700000|100%|HS|  |TAMS 0x0000000081600000| PB 0x0000000081600000| Complete |  0
|   1|0x0000000081700000, 0x0000000081800000, 0x0000000081800000|100%|HS|  |TAMS 0x0000000081700000| PB 0x0000000081700000| Complete |  0
|   2|0x0000000081800000, 0x0000000081900000, 0x0000000081900000|100%| O|  |TAMS 0x0000000081800000| PB 0x0000000081800000| Untracked |  0
|   3|0x0000000081900000, 0x0000000081a00000, 0x0000000081a00000|100%| O|  |TAMS 0x0000000081900000| PB 0x0000000081900000| Untracked |  0
|   4|0x0000000081a00000, 0x0000000081b00000, 0x0000000081b00000|100%| O|  |TAMS 0x0000000081a00000| PB 0x0000000081a00000| Untracked |  0
|   5|0x0000000081b00000, 0x0000000081c00000, 0x0000000081c00000|100%| O|  |TAMS 0x0000000081b00000| PB 0x0000000081b00000| Untracked |  0
|   6|0x0000000081c00000, 0x0000000081d00000, 0x0000000081d00000|100%| O|  |TAMS 0x0000000081c00000| PB 0x0000000081c00000| Untracked |  0
|   7|0x0000000081d00000, 0x0000000081df70a8, 0x0000000081e00000| 96%| O|  |TAMS 0x0000000081d00000| PB 0x0000000081d00000| Untracked |  0
|   8|0x0000000081e00000, 0x0000000081f00000, 0x0000000081f00000|100%| O|  |TAMS 0x0000000081e00000| PB 0x0000000081e00000| Untracked |  0
|   9|0x0000000081f00000, 0x0000000082000000, 0x0000000082000000|100%| O|  |TAMS 0x0000000081f00000| PB 0x0000000081f00000| Untracked |  0
|  10|0x0000000082000000, 0x0000000082100000, 0x0000000082100000|100%| O|  |TAMS 0x0000000082000000| PB 0x0000000082000000| Untracked |  0
|  11|0x0000000082100000, 0x0000000082200000, 0x0000000082200000|100%| O|  |TAMS 0x0000000082100000| PB 0x0000000082100000| Untracked |  0
|  12|0x0000000082200000, 0x0000000082300000, 0x0000000082300000|100%| O|  |TAMS 0x0000000082200000| PB 0x0000000082200000| Untracked |  0
|  13|0x0000000082300000, 0x0000000082400000, 0x0000000082400000|100%| O|  |TAMS 0x0000000082300000| PB 0x0000000082300000| Untracked |  0
|  14|0x0000000082400000, 0x0000000082500000, 0x0000000082500000|100%| O|  |TAMS 0x0000000082400000| PB 0x0000000082400000| Untracked |  0
|  15|0x0000000082500000, 0x0000000082600000, 0x0000000082600000|100%| O|  |TAMS 0x0000000082500000| PB 0x0000000082500000| Untracked |  0
|  16|0x0000000082600000, 0x0000000082600000, 0x0000000082700000|  0%| F|  |TAMS 0x0000000082600000| PB 0x0000000082600000| Untracked |  0
|  17|0x0000000082700000, 0x0000000082800000, 0x0000000082800000|100%| O|  |TAMS 0x0000000082700000| PB 0x0000000082700000| Untracked |  0
|  18|0x0000000082800000, 0x0000000082900000, 0x0000000082900000|100%| O|  |TAMS 0x0000000082800000| PB 0x0000000082800000| Untracked |  0
|  19|0x0000000082900000, 0x0000000082a00000, 0x0000000082a00000|100%| O|  |TAMS 0x0000000082900000| PB 0x0000000082900000| Untracked |  0
|  20|0x0000000082a00000, 0x0000000082b00000, 0x0000000082b00000|100%| O|  |TAMS 0x0000000082a00000| PB 0x0000000082a00000| Untracked |  0
|  21|0x0000000082b00000, 0x0000000082c00000, 0x0000000082c00000|100%| O|  |TAMS 0x0000000082b00000| PB 0x0000000082b00000| Untracked |  0
|  22|0x0000000082c00000, 0x0000000082d00000, 0x0000000082d00000|100%| O|  |TAMS 0x0000000082c00000| PB 0x0000000082c00000| Untracked |  0
|  23|0x0000000082d00000, 0x0000000082e00000, 0x0000000082e00000|100%| O|  |TAMS 0x0000000082d00000| PB 0x0000000082d00000| Untracked |  0
|  24|0x0000000082e00000, 0x0000000082f00000, 0x0000000082f00000|100%| O|  |TAMS 0x0000000082e00000| PB 0x0000000082e00000| Untracked |  0
|  25|0x0000000082f00000, 0x0000000082f00000, 0x0000000083000000|  0%| F|  |TAMS 0x0000000082f00000| PB 0x0000000082f00000| Untracked |  0
|  26|0x0000000083000000, 0x0000000083100000, 0x0000000083100000|100%| O|  |TAMS 0x0000000083000000| PB 0x0000000083000000| Untracked |  0
|  27|0x0000000083100000, 0x0000000083200000, 0x0000000083200000|100%| O|  |TAMS 0x0000000083100000| PB 0x0000000083100000| Untracked |  0
|  28|0x0000000083200000, 0x0000000083300000, 0x0000000083300000|100%| O|  |TAMS 0x0000000083200000| PB 0x0000000083200000| Untracked |  0
|  29|0x0000000083300000, 0x0000000083400000, 0x0000000083400000|100%| O|  |TAMS 0x0000000083300000| PB 0x0000000083300000| Untracked |  0
|  30|0x0000000083400000, 0x0000000083500000, 0x0000000083500000|100%| O|  |TAMS 0x0000000083400000| PB 0x0000000083400000| Untracked |  0
|  31|0x0000000083500000, 0x0000000083600000, 0x0000000083600000|100%| O|  |TAMS 0x0000000083500000| PB 0x0000000083500000| Untracked |  0
|  32|0x0000000083600000, 0x0000000083668140, 0x0000000083700000| 40%| O|  |TAMS 0x0000000083600000| PB 0x0000000083600000| Untracked |  0
|  33|0x0000000083700000, 0x0000000083700000, 0x0000000083800000|  0%| F|  |TAMS 0x0000000083700000| PB 0x0000000083700000| Untracked |  0
|  34|0x0000000083800000, 0x0000000083800000, 0x0000000083900000|  0%| F|  |TAMS 0x0000000083800000| PB 0x0000000083800000| Untracked |  0
|  35|0x0000000083900000, 0x0000000083900000, 0x0000000083a00000|  0%| F|  |TAMS 0x0000000083900000| PB 0x0000000083900000| Untracked |  0
|  36|0x0000000083a00000, 0x0000000083a00000, 0x0000000083b00000|  0%| F|  |TAMS 0x0000000083a00000| PB 0x0000000083a00000| Untracked |  0
|  37|0x0000000083b00000, 0x0000000083bf10c0, 0x0000000083c00000| 94%| S|CS|TAMS 0x0000000083b00000| PB 0x0000000083b00000| Complete |  0
|  38|0x0000000083c00000, 0x0000000083d00000, 0x0000000083d00000|100%| S|CS|TAMS 0x0000000083c00000| PB 0x0000000083c00000| Complete |  0
|  39|0x0000000083d00000, 0x0000000083d00000, 0x0000000083e00000|  0%| F|  |TAMS 0x0000000083d00000| PB 0x0000000083d00000| Untracked |  0
|  40|0x0000000083e00000, 0x0000000083e00000, 0x0000000083f00000|  0%| F|  |TAMS 0x0000000083e00000| PB 0x0000000083e00000| Untracked |  0
|  41|0x0000000083f00000, 0x0000000083f00000, 0x0000000084000000|  0%| F|  |TAMS 0x0000000083f00000| PB 0x0000000083f00000| Untracked |  0
|  42|0x0000000084000000, 0x0000000084000000, 0x0000000084100000|  0%| F|  |TAMS 0x0000000084000000| PB 0x0000000084000000| Untracked |  0
|  43|0x0000000084100000, 0x0000000084100000, 0x0000000084200000|  0%| F|  |TAMS 0x0000000084100000| PB 0x0000000084100000| Untracked |  0
|  44|0x0000000084200000, 0x0000000084200000, 0x0000000084300000|  0%| F|  |TAMS 0x0000000084200000| PB 0x0000000084200000| Untracked |  0
|  97|0x0000000087700000, 0x000000008778d478, 0x0000000087800000| 55%| E|  |TAMS 0x0000000087700000| PB 0x0000000087700000| Complete |  0
|  98|0x0000000087800000, 0x00000000878ffaf0, 0x0000000087900000| 99%| E|  |TAMS 0x0000000087800000| PB 0x0000000087800000| Complete |  0
|  99|0x0000000087900000, 0x0000000087a00000, 0x0000000087a00000|100%| E|CS|TAMS 0x0000000087900000| PB 0x0000000087900000| Complete |  0
| 100|0x0000000087a00000, 0x0000000087b00000, 0x0000000087b00000|100%| E|CS|TAMS 0x0000000087a00000| PB 0x0000000087a00000| Complete |  0
| 101|0x0000000087b00000, 0x0000000087c00000, 0x0000000087c00000|100%| E|CS|TAMS 0x0000000087b00000| PB 0x0000000087b00000| Complete |  0
| 102|0x0000000087c00000, 0x0000000087d00000, 0x0000000087d00000|100%| E|CS|TAMS 0x0000000087c00000| PB 0x0000000087c00000| Complete |  0
| 127|0x0000000089500000, 0x0000000089600000, 0x0000000089600000|100%| E|CS|TAMS 0x0000000089500000| PB 0x0000000089500000| Complete |  0
|2024|0x00000000ffe00000, 0x00000000fff00000, 0x00000000fff00000|100%| O|  |TAMS 0x00000000ffe00000| PB 0x00000000ffe00000| Untracked |  0
|2025|0x00000000fff00000, 0x0000000100000000, 0x0000000100000000|100%| E|CS|TAMS 0x00000000fff00000| PB 0x00000000fff00000| Complete |  0

Card table byte_map: [0x0000020fd9ea0000,0x0000020fda2a0000] _byte_map_base: 0x0000020fd9a95000

Marking Bits: (CMBitMap*) 0x0000020fce255fc0
 Bits: [0x0000020fda2a0000, 0x0000020fdc248000)

Polling page: 0x0000020fcbf30000

Metaspace:

Usage:
  Non-class:     57.82 MB used.
      Class:      7.80 MB used.
       Both:     65.62 MB used.

Virtual space:
  Non-class space:       64.00 MB reserved,      58.12 MB ( 91%) committed,  1 nodes.
      Class space:        1.00 GB reserved,       8.00 MB ( <1%) committed,  1 nodes.
             Both:        1.06 GB reserved,      66.12 MB (  6%) committed. 

Chunk freelists:
   Non-Class:  5.00 MB
       Class:  8.00 MB
        Both:  13.00 MB

MaxMetaspaceSize: unlimited
CompressedClassSpaceSize: 1.00 GB
Initial GC threshold: 21.00 MB
Current GC threshold: 103.88 MB
CDS: on
 - commit_granule_bytes: 65536.
 - commit_granule_words: 8192.
 - virtual_space_node_default_size: 8388608.
 - enlarge_chunks_in_place: 1.
UseCompressedClassPointers 1, UseCompactObjectHeaders 0
Narrow klass pointer bits 32, Max shift 3
Narrow klass base: 0x0000020f80000000, Narrow klass shift: 0
Encoding Range: [0x0000020f80000000 - 0x0000021080000000), (4294967296 bytes)
Klass Range:    [0x0000020f80000000 - 0x0000020fc1000000), (1090519040 bytes)
Klass ID Range:  [8 - 1090519033) (1090519025)


Internal statistics:

num_allocs_failed_limit: 9.
num_arena_births: 836.
num_arena_deaths: 146.
num_vsnodes_births: 2.
num_vsnodes_deaths: 0.
num_space_committed: 1058.
num_space_uncommitted: 0.
num_chunks_returned_to_freelist: 165.
num_chunks_taken_from_freelist: 3261.
num_chunk_merges: 42.
num_chunk_splits: 2325.
num_chunks_enlarged: 1886.
num_inconsistent_stats: 0.

CodeCache: size=49152Kb used=9959Kb max_used=10233Kb free=39192Kb
 bounds [0x0000020fd6aa0000, 0x0000020fd7500000, 0x0000020fd9aa0000]
 total_blobs=7496, nmethods=6793, adapters=628, full_count=0
Compilation: enabled, stopped_count=0, restarted_count=0

Compilation events (20 events):
Event: 289.786 Thread 0x0000020fde727ca0 6869       1       jdk.jfr.internal.EventControl::getNamedControls (5 bytes)
Event: 289.786 Thread 0x0000020fc924b930 6871   !   1       jdk.jfr.internal.Control::setValue (102 bytes)
Event: 289.786 Thread 0x0000020fde727ca0 nmethod 6869 0x0000020fd7371308 code [0x0000020fd7371400, 0x0000020fd73714c8]
Event: 289.786 Thread 0x0000020fde727ca0 6872       1       jdk.jfr.internal.SettingsManager$InternalSetting::getValues (35 bytes)
Event: 289.786 Thread 0x0000020fde727ca0 nmethod 6872 0x0000020fd7370f88 code [0x0000020fd73710c0, 0x0000020fd73712b8]
Event: 289.786 Thread 0x0000020fde727ca0 6873       1       jdk.jfr.internal.Control::apply (10 bytes)
Event: 289.786 Thread 0x0000020fde727ca0 nmethod 6873 0x0000020fd7370c88 code [0x0000020fd7370da0, 0x0000020fd7370eb0]
Event: 289.786 Thread 0x0000020fde727ca0 6874       1       jdk.jfr.internal.Control::findCombine (121 bytes)
Event: 289.787 Thread 0x0000020fc924b930 nmethod 6871 0x0000020fd7370388 code [0x0000020fd7370580, 0x0000020fd7370bf0]
Event: 289.787 Thread 0x0000020fc924b930 6870       1       jdk.jfr.internal.PlatformEventType::isEnabled (5 bytes)
Event: 289.787 Thread 0x0000020fc924b930 nmethod 6870 0x0000020fd7370088 code [0x0000020fd7370180, 0x0000020fd7370248]
Event: 289.787 Thread 0x0000020fde727ca0 nmethod 6874 0x0000020fd736f708 code [0x0000020fd736f8c0, 0x0000020fd7370030]
Event: 290.023 Thread 0x0000020fc924b930 6875       1       jdk.jfr.internal.periodic.EventTask::getEventType (5 bytes)
Event: 290.023 Thread 0x0000020fc924b930 nmethod 6875 0x0000020fd736f408 code [0x0000020fd736f500, 0x0000020fd736f5c8]
Event: 290.023 Thread 0x0000020fde727ca0 6876       1       jdk.jfr.internal.periodic.PeriodicTask::getPeriod (5 bytes)
Event: 290.023 Thread 0x0000020fde727ca0 nmethod 6876 0x0000020fd736f108 code [0x0000020fd736f200, 0x0000020fd736f2c8]
Event: 290.722 Thread 0x0000020fde727ca0 6877       1       java.util.concurrent.ThreadPoolExecutor$Worker::unlock (7 bytes)
Event: 290.722 Thread 0x0000020fc924b930 6878       1       java.util.concurrent.ThreadPoolExecutor$Worker::tryRelease (12 bytes)
Event: 290.722 Thread 0x0000020fc924b930 nmethod 6878 0x0000020fd736ee08 code [0x0000020fd736ef20, 0x0000020fd736f020]
Event: 290.722 Thread 0x0000020fde727ca0 nmethod 6877 0x0000020fd736eb08 code [0x0000020fd736ec20, 0x0000020fd736ed38]

GC Heap History (20 events):
Event: 90.936 GC heap before
{Heap before GC invocations=10 (full 0):
 garbage-first heap   total reserved 2074624K, committed 55296K, used 45793K [0x0000000081600000, 0x0000000100000000)
  region size 1024K, 26 young (26624K), 3 survivors (3072K)
 Metaspace       used 47943K, committed 48384K, reserved 1114112K
  class space    used 5344K, committed 5504K, reserved 1048576K
}
Event: 90.943 GC heap after
{Heap after GC invocations=11 (full 0):
 garbage-first heap   total reserved 2074624K, committed 55296K, used 23692K [0x0000000081600000, 0x0000000100000000)
  region size 1024K, 4 young (4096K), 4 survivors (4096K)
 Metaspace       used 47943K, committed 48384K, reserved 1114112K
  class space    used 5344K, committed 5504K, reserved 1048576K
}
Event: 97.331 GC heap before
{Heap before GC invocations=11 (full 0):
 garbage-first heap   total reserved 2074624K, committed 55296K, used 45196K [0x0000000081600000, 0x0000000100000000)
  region size 1024K, 25 young (25600K), 4 survivors (4096K)
 Metaspace       used 52775K, committed 53312K, reserved 1114112K
  class space    used 5921K, committed 6144K, reserved 1048576K
}
Event: 97.343 GC heap after
{Heap after GC invocations=12 (full 0):
 garbage-first heap   total reserved 2074624K, committed 55296K, used 25014K [0x0000000081600000, 0x0000000100000000)
  region size 1024K, 3 young (3072K), 3 survivors (3072K)
 Metaspace       used 52775K, committed 53312K, reserved 1114112K
  class space    used 5921K, committed 6144K, reserved 1048576K
}
Event: 111.505 GC heap before
{Heap before GC invocations=12 (full 0):
 garbage-first heap   total reserved 2074624K, committed 55296K, used 46518K [0x0000000081600000, 0x0000000100000000)
  region size 1024K, 24 young (24576K), 3 survivors (3072K)
 Metaspace       used 55661K, committed 56128K, reserved 1114112K
  class space    used 6179K, committed 6400K, reserved 1048576K
}
Event: 111.510 GC heap after
{Heap after GC invocations=13 (full 0):
 garbage-first heap   total reserved 2074624K, committed 55296K, used 26796K [0x0000000081600000, 0x0000000100000000)
  region size 1024K, 3 young (3072K), 3 survivors (3072K)
 Metaspace       used 55661K, committed 56128K, reserved 1114112K
  class space    used 6179K, committed 6400K, reserved 1048576K
}
Event: 116.591 GC heap before
{Heap before GC invocations=13 (full 0):
 garbage-first heap   total reserved 2074624K, committed 55296K, used 47276K [0x0000000081600000, 0x0000000100000000)
  region size 1024K, 23 young (23552K), 3 survivors (3072K)
 Metaspace       used 58502K, committed 59072K, reserved 1114112K
  class space    used 6504K, committed 6720K, reserved 1048576K
}
Event: 116.600 GC heap after
{Heap after GC invocations=14 (full 0):
 garbage-first heap   total reserved 2074624K, committed 55296K, used 28355K [0x0000000081600000, 0x0000000100000000)
  region size 1024K, 2 young (2048K), 2 survivors (2048K)
 Metaspace       used 58502K, committed 59072K, reserved 1114112K
  class space    used 6504K, committed 6720K, reserved 1048576K
}
Event: 119.828 GC heap before
{Heap before GC invocations=14 (full 0):
 garbage-first heap   total reserved 2074624K, committed 55296K, used 31427K [0x0000000081600000, 0x0000000100000000)
  region size 1024K, 7 young (7168K), 2 survivors (2048K)
 Metaspace       used 59768K, committed 60288K, reserved 1114112K
  class space    used 6797K, committed 7040K, reserved 1048576K
}
Event: 119.837 GC heap after
{Heap after GC invocations=15 (full 0):
 garbage-first heap   total reserved 2074624K, committed 55296K, used 28478K [0x0000000081600000, 0x0000000100000000)
  region size 1024K, 2 young (2048K), 2 survivors (2048K)
 Metaspace       used 59768K, committed 60288K, reserved 1114112K
  class space    used 6797K, committed 7040K, reserved 1048576K
}
Event: 120.926 GC heap before
{Heap before GC invocations=16 (full 0):
 garbage-first heap   total reserved 2074624K, committed 55296K, used 46910K [0x0000000081600000, 0x0000000100000000)
  region size 1024K, 21 young (21504K), 2 survivors (2048K)
 Metaspace       used 60443K, committed 60864K, reserved 1114112K
  class space    used 6947K, committed 7104K, reserved 1048576K
}
Event: 120.930 GC heap after
{Heap after GC invocations=17 (full 0):
 garbage-first heap   total reserved 2074624K, committed 55296K, used 29700K [0x0000000081600000, 0x0000000100000000)
  region size 1024K, 3 young (3072K), 3 survivors (3072K)
 Metaspace       used 60443K, committed 60864K, reserved 1114112K
  class space    used 6947K, committed 7104K, reserved 1048576K
}
Event: 121.562 GC heap before
{Heap before GC invocations=17 (full 0):
 garbage-first heap   total reserved 2074624K, committed 55296K, used 47108K [0x0000000081600000, 0x0000000100000000)
  region size 1024K, 20 young (20480K), 3 survivors (3072K)
 Metaspace       used 61663K, committed 62144K, reserved 1114112K
  class space    used 7279K, committed 7488K, reserved 1048576K
}
Event: 121.569 GC heap after
{Heap after GC invocations=18 (full 0):
 garbage-first heap   total reserved 2074624K, committed 55296K, used 30198K [0x0000000081600000, 0x0000000100000000)
  region size 1024K, 3 young (3072K), 3 survivors (3072K)
 Metaspace       used 61663K, committed 62144K, reserved 1114112K
  class space    used 7279K, committed 7488K, reserved 1048576K
}
Event: 121.959 GC heap before
{Heap before GC invocations=18 (full 0):
 garbage-first heap   total reserved 2074624K, committed 55296K, used 46582K [0x0000000081600000, 0x0000000100000000)
  region size 1024K, 20 young (20480K), 3 survivors (3072K)
 Metaspace       used 63217K, committed 63680K, reserved 1114112K
  class space    used 7469K, committed 7680K, reserved 1048576K
}
Event: 121.963 GC heap after
{Heap after GC invocations=19 (full 0):
 garbage-first heap   total reserved 2074624K, committed 55296K, used 30816K [0x0000000081600000, 0x0000000100000000)
  region size 1024K, 2 young (2048K), 2 survivors (2048K)
 Metaspace       used 63217K, committed 63680K, reserved 1114112K
  class space    used 7469K, committed 7680K, reserved 1048576K
}
Event: 127.798 GC heap before
{Heap before GC invocations=20 (full 0):
 garbage-first heap   total reserved 2074624K, committed 55296K, used 48224K [0x0000000081600000, 0x0000000100000000)
  region size 1024K, 19 young (19456K), 2 survivors (2048K)
 Metaspace       used 65056K, committed 65536K, reserved 1114112K
  class space    used 7704K, committed 7872K, reserved 1048576K
}
Event: 127.804 GC heap after
{Heap after GC invocations=21 (full 0):
 garbage-first heap   total reserved 2074624K, committed 55296K, used 33181K [0x0000000081600000, 0x0000000100000000)
  region size 1024K, 3 young (3072K), 3 survivors (3072K)
 Metaspace       used 65056K, committed 65536K, reserved 1114112K
  class space    used 7704K, committed 7872K, reserved 1048576K
}
Event: 289.331 GC heap before
{Heap before GC invocations=21 (full 0):
 garbage-first heap   total reserved 2074624K, committed 55296K, used 47517K [0x0000000081600000, 0x0000000100000000)
  region size 1024K, 17 young (17408K), 3 survivors (3072K)
 Metaspace       used 66746K, committed 67328K, reserved 1114112K
  class space    used 7920K, committed 8192K, reserved 1048576K
}
Event: 289.341 GC heap after
{Heap after GC invocations=22 (full 0):
 garbage-first heap   total reserved 2074624K, committed 55296K, used 34112K [0x0000000081600000, 0x0000000100000000)
  region size 1024K, 2 young (2048K), 2 survivors (2048K)
 Metaspace       used 66746K, committed 67328K, reserved 1114112K
  class space    used 7920K, committed 8192K, reserved 1048576K
}

Dll operation events (13 events):
Event: 1.660 Loaded shared library C:\Users\User\.jdks\openjdk-24.0.1-1\bin\java.dll
Event: 2.464 Loaded shared library C:\Users\User\.jdks\openjdk-24.0.1-1\bin\zip.dll
Event: 2.479 Loaded shared library C:\Users\User\.jdks\openjdk-24.0.1-1\bin\zip.dll
Event: 2.677 Loaded shared library C:\Users\User\.jdks\openjdk-24.0.1-1\bin\jimage.dll
Event: 2.704 Loaded shared library C:\Users\User\.jdks\openjdk-24.0.1-1\bin\instrument.dll
Event: 2.888 Loaded shared library C:\Users\User\.jdks\openjdk-24.0.1-1\bin\net.dll
Event: 2.897 Loaded shared library C:\Users\User\.jdks\openjdk-24.0.1-1\bin\nio.dll
Event: 9.895 Loaded shared library C:\Users\User\.jdks\openjdk-24.0.1-1\bin\extnet.dll
Event: 11.010 Loaded shared library C:\Users\User\.jdks\openjdk-24.0.1-1\bin\management.dll
Event: 11.665 Loaded shared library C:\Users\User\.jdks\openjdk-24.0.1-1\bin\management_ext.dll
Event: 43.240 Loaded shared library C:\Users\User\.jdks\openjdk-24.0.1-1\bin\sunmscapi.dll
Event: 75.536 Loaded shared library C:\Users\User\.jdks\openjdk-24.0.1-1\bin\verify.dll
Event: 284.652 Loaded shared library C:\Users\User\AppData\Local\Temp\idea_libasyncProfiler_dll_temp_folder1\libasyncProfiler.dll

Deoptimization events (6 events):
Event: 59.436 Thread 0x0000020fce1fe300 DEOPT PACKING pc=0x0000020fd71a8ff4 sp=0x000000303d4fc130
Event: 59.436 Thread 0x0000020fce1fe300 DEOPT UNPACKING pc=0x0000020fd6af5722 sp=0x000000303d4fb6d8 mode 0
Event: 59.436 Thread 0x0000020fce1fe300 DEOPT PACKING pc=0x0000020fd70a00c4 sp=0x000000303d4fc330
Event: 59.436 Thread 0x0000020fce1fe300 DEOPT UNPACKING pc=0x0000020fd6af5722 sp=0x000000303d4fb7f0 mode 0
Event: 96.737 Thread 0x0000020fc5bcff40 DEOPT PACKING pc=0x0000020fd6cf939c sp=0x000000303eaff120
Event: 96.737 Thread 0x0000020fc5bcff40 DEOPT UNPACKING pc=0x0000020fd6af5722 sp=0x000000303eafe5b8 mode 0

Classes loaded (20 events):
Event: 289.629 Loading class jdk/jfr/internal/MetadataWriter
Event: 289.629 Loading class jdk/jfr/internal/MetadataWriter done
Event: 289.629 Loading class jdk/jfr/internal/MetadataDescriptor$Element
Event: 289.629 Loading class jdk/jfr/internal/MetadataDescriptor$Element done
Event: 289.630 Loading class jdk/jfr/internal/MetadataDescriptor$Attribute
Event: 289.630 Loading class jdk/jfr/internal/MetadataDescriptor$Attribute done
Event: 289.638 Loading class jdk/jfr/internal/consumer/StringParser$Encoding
Event: 289.673 Loading class jdk/jfr/internal/consumer/StringParser$Encoding done
Event: 289.682 Loading class jdk/jfr/internal/consumer/RepositoryFiles
Event: 289.683 Loading class jdk/jfr/internal/consumer/RepositoryFiles done
Event: 289.782 Loading class jdk/jfr/internal/SettingsManager$InternalSetting
Event: 289.782 Loading class jdk/jfr/internal/SettingsManager$InternalSetting done
Event: 289.784 Loading class jdk/jfr/internal/util/Rate
Event: 289.784 Loading class jdk/jfr/internal/util/Rate done
Event: 289.784 Loading class jdk/jfr/internal/util/TimespanUnit
Event: 289.784 Loading class jdk/jfr/internal/util/TimespanUnit done
Event: 289.784 Loading class jdk/jfr/internal/util/ValueParser
Event: 289.785 Loading class jdk/jfr/internal/util/ValueParser done
Event: 289.787 Loading class jdk/jfr/internal/periodic/PeriodicType
Event: 289.787 Loading class jdk/jfr/internal/periodic/PeriodicType done

Classes unloaded (20 events):
Event: 119.899 Thread 0x0000020fde701fd0 Unloading class 0x0000020f81312c00 'java/lang/invoke/LambdaForm$MH+0x0000020f81312c00'
Event: 119.899 Thread 0x0000020fde701fd0 Unloading class 0x0000020f81312800 'java/lang/invoke/LambdaForm$MH+0x0000020f81312800'
Event: 119.899 Thread 0x0000020fde701fd0 Unloading class 0x0000020f81311c00 'java/lang/invoke/LambdaForm$MH+0x0000020f81311c00'
Event: 119.899 Thread 0x0000020fde701fd0 Unloading class 0x0000020f81310400 'java/lang/invoke/LambdaForm$MH+0x0000020f81310400'
Event: 119.899 Thread 0x0000020fde701fd0 Unloading class 0x0000020f812fc800 'java/lang/invoke/LambdaForm$MH+0x0000020f812fc800'
Event: 119.899 Thread 0x0000020fde701fd0 Unloading class 0x0000020f812f0800 'java/lang/invoke/LambdaForm$MH+0x0000020f812f0800'
Event: 119.899 Thread 0x0000020fde701fd0 Unloading class 0x0000020f812f0000 'java/lang/invoke/LambdaForm$MH+0x0000020f812f0000'
Event: 119.899 Thread 0x0000020fde701fd0 Unloading class 0x0000020f812cc000 'java/lang/invoke/LambdaForm$DMH+0x0000020f812cc000'
Event: 119.899 Thread 0x0000020fde701fd0 Unloading class 0x0000020f81128400 'java/lang/invoke/LambdaForm$MH+0x0000020f81128400'
Event: 119.899 Thread 0x0000020fde701fd0 Unloading class 0x0000020f81128000 'java/lang/invoke/LambdaForm$MH+0x0000020f81128000'
Event: 119.899 Thread 0x0000020fde701fd0 Unloading class 0x0000020f81086000 'java/lang/invoke/LambdaForm$MH+0x0000020f81086000'
Event: 119.899 Thread 0x0000020fde701fd0 Unloading class 0x0000020f81085c00 'java/lang/invoke/LambdaForm$MH+0x0000020f81085c00'
Event: 119.899 Thread 0x0000020fde701fd0 Unloading class 0x0000020f81085800 'java/lang/invoke/LambdaForm$MH+0x0000020f81085800'
Event: 121.998 Thread 0x0000020fde701fd0 Unloading class 0x0000020f81618c00 'java/lang/invoke/LambdaForm$BMH+0x0000020f81618c00'
Event: 121.998 Thread 0x0000020fde701fd0 Unloading class 0x0000020f81348c00 'java/lang/invoke/LambdaForm$MH+0x0000020f81348c00'
Event: 121.998 Thread 0x0000020fde701fd0 Unloading class 0x0000020f81348800 'java/lang/invoke/LambdaForm$MH+0x0000020f81348800'
Event: 121.999 Thread 0x0000020fde701fd0 Unloading class 0x0000020f812e9000 'java/lang/invoke/LambdaForm$MH+0x0000020f812e9000'
Event: 121.999 Thread 0x0000020fde701fd0 Unloading class 0x0000020f812e8c00 'java/lang/invoke/LambdaForm$MH+0x0000020f812e8c00'
Event: 121.999 Thread 0x0000020fde701fd0 Unloading class 0x0000020f812e8800 'java/lang/invoke/LambdaForm$BMH+0x0000020f812e8800'
Event: 121.999 Thread 0x0000020fde701fd0 Unloading class 0x0000020f81008c00 'java/lang/invoke/LambdaForm$MH+0x0000020f81008c00'

Classes redefined (0 events):
No events

Internal exceptions (20 events):
Event: 114.867 Thread 0x0000020fce1fe300 Exception <a 'java/lang/NoSuchMethodError'{0x0000000083f2faa8}: 'java.lang.Object java.lang.invoke.DirectMethodHandle$Holder.invokeStatic(java.lang.Object, int, java.lang.Object)'> (0x0000000083f2faa8) 
thrown [s\open\src\hotspot\share\interpreter\linkResolver.cpp, line 805]
Event: 116.458 Thread 0x0000020fce1fe300 Exception <a 'java/lang/NoSuchMethodError'{0x000000008379f5d0}: 'java.lang.Object java.lang.invoke.DirectMethodHandle$Holder.invokeStatic(java.lang.Object, int, java.lang.Object, java.lang.Object)'> (0x000000008379f5d0) 
thrown [s\open\src\hotspot\share\interpreter\linkResolver.cpp, line 805]
Event: 116.459 Thread 0x0000020fce1fe300 Exception <a 'java/lang/NoSuchMethodError'{0x00000000837a83a0}: 'java.lang.Object java.lang.invoke.DirectMethodHandle$Holder.invokeSpecial(java.lang.Object, java.lang.Object, int, java.lang.Object, java.lang.Object)'> (0x00000000837a83a0) 
thrown [s\open\src\hotspot\share\interpreter\linkResolver.cpp, line 805]
Event: 116.460 Thread 0x0000020fce1fe300 Exception <a 'java/lang/NoSuchMethodError'{0x00000000837b0a38}: 'java.lang.Object java.lang.invoke.DelegatingMethodHandle$Holder.delegate(java.lang.Object, int, java.lang.Object, java.lang.Object)'> (0x00000000837b0a38) 
thrown [s\open\src\hotspot\share\interpreter\linkResolver.cpp, line 805]
Event: 116.603 Thread 0x0000020fce1fe300 Exception <a 'java/lang/NoSuchMethodError'{0x00000000fff2dec8}: 'int java.lang.invoke.Invokers$Holder.linkToTargetMethod(java.lang.Object, java.lang.Object, java.lang.Object)'> (0x00000000fff2dec8) 
thrown [s\open\src\hotspot\share\interpreter\linkResolver.cpp, line 805]
Event: 121.680 Thread 0x0000020fce1fe300 Exception <a 'java/lang/NoSuchMethodError'{0x0000000083f97b40}: 'int java.lang.invoke.DirectMethodHandle$Holder.invokeStatic(java.lang.Object)'> (0x0000000083f97b40) 
thrown [s\open\src\hotspot\share\interpreter\linkResolver.cpp, line 805]
Event: 121.990 Thread 0x0000020fce1fe300 Exception <a 'java/lang/NoSuchMethodError'{0x00000000fffc4ad0}: 'java.lang.Object java.lang.invoke.DirectMethodHandle$Holder.newInvokeSpecial(java.lang.Object, java.lang.Object, java.lang.Object, java.lang.Object, java.lang.Object, java.lang.Object, java.lang.Object, java.lang.Object)'> (0x00000000fffc4ad0) 
thrown [s\open\src\hotspot\share\interpreter\linkResolver.cpp, line 805]
Event: 122.099 Thread 0x0000020fce1fe300 Exception <a 'java/io/IOException'{0x0000000087cd6600}> (0x0000000087cd6600) 
thrown [s\open\src\hotspot\share\prims\jni.cpp, line 518]
Event: 124.751 Thread 0x0000020fce1fe300 Exception <a 'java/lang/NoSuchMethodError'{0x000000008408ba68}: 'void java.lang.invoke.Invokers$Holder.invokeExact_MT(java.lang.Object, java.lang.Object, java.lang.Object, java.lang.Object)'> (0x000000008408ba68) 
thrown [s\open\src\hotspot\share\interpreter\linkResolver.cpp, line 805]
Event: 125.025 Thread 0x0000020fce1fe300 Exception <a 'java/lang/IncompatibleClassChangeError'{0x0000000083e6ee78}: Found class java.lang.Object, but interface was expected> (0x0000000083e6ee78) 
thrown [s\open\src\hotspot\share\interpreter\linkResolver.cpp, line 872]
Event: 127.795 Thread 0x0000020fce1fe300 Exception <a 'java/lang/NoSuchMethodError'{0x0000000083ab8988}: 'int java.lang.invoke.DirectMethodHandle$Holder.invokeStaticInit(java.lang.Object, java.lang.Object, java.lang.Object, java.lang.Object)'> (0x0000000083ab8988) 
thrown [s\open\src\hotspot\share\interpreter\linkResolver.cpp, line 805]
Event: 128.044 Thread 0x0000020fce1fe300 Exception <a 'java/lang/NoSuchMethodError'{0x0000000089507cd0}: 'void java.lang.invoke.DelegatingMethodHandle$Holder.reinvoke_L(java.lang.Object, java.lang.Object, int)'> (0x0000000089507cd0) 
thrown [s\open\src\hotspot\share\interpreter\linkResolver.cpp, line 805]
Event: 128.144 Thread 0x0000020fce1fe300 Exception <a 'java/lang/IncompatibleClassChangeError'{0x0000000087c85498}: Found class java.lang.Object, but interface was expected> (0x0000000087c85498) 
thrown [s\open\src\hotspot\share\interpreter\linkResolver.cpp, line 872]
Event: 129.371 Thread 0x0000020fce1fe300 Exception <a 'java/lang/NoSuchMethodError'{0x00000000842071a8}: 'java.lang.Object java.lang.invoke.DirectMethodHandle$Holder.newInvokeSpecial(java.lang.Object, java.lang.Object, int, java.lang.Object, java.lang.Object)'> (0x00000000842071a8) 
thrown [s\open\src\hotspot\share\interpreter\linkResolver.cpp, line 805]
Event: 129.992 Thread 0x0000020fc6ed24b0 Exception <a 'java/lang/NoSuchMethodError'{0x00000000840b7958}: 'java.lang.Object java.lang.invoke.DirectMethodHandle$Holder.invokeInterface(java.lang.Object, java.lang.Object, java.lang.Object, java.lang.Object, java.lang.Object, java.lang.Object, java.lang.Object)'> (0x00000000840b7958) 
thrown [s\open\src\hotspot\share\interpreter\linkResolver.cpp, line 805]
Event: 289.451 Thread 0x0000020fde71a710 Exception <a 'java/lang/NoSuchMethodError'{0x0000000087bd12d8}: 'void java.lang.invoke.DirectMethodHandle$Holder.invokeSpecial(java.lang.Object, java.lang.Object, int)'> (0x0000000087bd12d8) 
thrown [s\open\src\hotspot\share\interpreter\linkResolver.cpp, line 805]
Event: 289.451 Thread 0x0000020fde71a710 Exception <a 'java/lang/NoSuchMethodError'{0x0000000087bdf778}: 'void java.lang.invoke.Invokers$Holder.invokeExact_MT(java.lang.Object, int, java.lang.Object)'> (0x0000000087bdf778) 
thrown [s\open\src\hotspot\share\interpreter\linkResolver.cpp, line 805]
Event: 289.549 Thread 0x0000020fde71a710 Exception <a 'sun/nio/fs/WindowsException'{0x0000000087a3e040}> (0x0000000087a3e040) 
thrown [s\open\src\hotspot\share\prims\jni.cpp, line 518]
Event: 289.572 Thread 0x0000020fde71a710 Exception <a 'sun/nio/fs/WindowsException'{0x0000000087a4ae88}> (0x0000000087a4ae88) 
thrown [s\open\src\hotspot\share\prims\jni.cpp, line 518]
Event: 289.626 Thread 0x0000020fde71a710 Exception <a 'sun/nio/fs/WindowsException'{0x0000000087a5cae0}> (0x0000000087a5cae0) 
thrown [s\open\src\hotspot\share\prims\jni.cpp, line 518]

VM Operations (20 events):
Event: 124.633 Executing VM operation: HandshakeAllThreads (Deoptimize)
Event: 124.633 Executing VM operation: HandshakeAllThreads (Deoptimize) done
Event: 124.635 Executing VM operation: HandshakeAllThreads (Deoptimize)
Event: 124.635 Executing VM operation: HandshakeAllThreads (Deoptimize) done
Event: 125.038 Executing VM operation: HandshakeAllThreads (Deoptimize)
Event: 125.038 Executing VM operation: HandshakeAllThreads (Deoptimize) done
Event: 126.685 Executing VM operation: HandshakeAllThreads (Deoptimize)
Event: 126.686 Executing VM operation: HandshakeAllThreads (Deoptimize) done
Event: 127.798 Executing VM operation: G1CollectForAllocation (G1 Evacuation Pause)
Event: 127.804 Executing VM operation: G1CollectForAllocation (G1 Evacuation Pause) done
Event: 130.447 Executing VM operation: HandshakeAllThreads (Deoptimize)
Event: 130.447 Executing VM operation: HandshakeAllThreads (Deoptimize) done
Event: 182.080 Executing VM operation: HandshakeAllThreads (HandshakeForDeflation)
Event: 182.080 Executing VM operation: HandshakeAllThreads (HandshakeForDeflation) done
Event: 182.080 Executing VM operation: RendezvousGCThreads
Event: 182.080 Executing VM operation: RendezvousGCThreads done
Event: 289.331 Executing VM operation: G1CollectForAllocation (G1 Evacuation Pause)
Event: 289.341 Executing VM operation: G1CollectForAllocation (G1 Evacuation Pause) done
Event: 289.683 Executing VM operation: JFRSafepointClear
Event: 289.683 Executing VM operation: JFRSafepointClear done

Memory protections (0 events):
No events

Nmethod flushes (20 events):
Event: 119.904 Thread 0x0000020fde701fd0 flushing  nmethod 0x0000020fd7250888
Event: 119.904 Thread 0x0000020fde701fd0 flushing  nmethod 0x0000020fd6f4b988
Event: 119.904 Thread 0x0000020fde701fd0 flushing  nmethod 0x0000020fd70d6a88
Event: 119.904 Thread 0x0000020fde701fd0 flushing  nmethod 0x0000020fd70e6c88
Event: 119.904 Thread 0x0000020fde701fd0 flushing  nmethod 0x0000020fd7230008
Event: 122.003 Thread 0x0000020fde701fd0 flushing  nmethod 0x0000020fd6da9408
Event: 122.003 Thread 0x0000020fde701fd0 flushing  nmethod 0x0000020fd6da9f88
Event: 122.003 Thread 0x0000020fde701fd0 flushing  nmethod 0x0000020fd6f22a08
Event: 122.003 Thread 0x0000020fde701fd0 flushing  nmethod 0x0000020fd716c288
Event: 122.003 Thread 0x0000020fde701fd0 flushing  nmethod 0x0000020fd6c03608
Event: 122.003 Thread 0x0000020fde701fd0 flushing  nmethod 0x0000020fd6e89888
Event: 122.003 Thread 0x0000020fde701fd0 flushing  nmethod 0x0000020fd712e808
Event: 122.003 Thread 0x0000020fde701fd0 flushing  nmethod 0x0000020fd7213788
Event: 122.003 Thread 0x0000020fde701fd0 flushing  nmethod 0x0000020fd6cf9208
Event: 122.003 Thread 0x0000020fde701fd0 flushing  nmethod 0x0000020fd7072588
Event: 122.003 Thread 0x0000020fde701fd0 flushing  nmethod 0x0000020fd722dd88
Event: 122.003 Thread 0x0000020fde701fd0 flushing  nmethod 0x0000020fd6c89388
Event: 122.003 Thread 0x0000020fde701fd0 flushing  nmethod 0x0000020fd6d63208
Event: 122.003 Thread 0x0000020fde701fd0 flushing  nmethod 0x0000020fd6ed7088
Event: 122.003 Thread 0x0000020fde701fd0 flushing  nmethod 0x0000020fd6edbd88

Events (20 events):
Event: 129.508 Thread 0x0000020fce1fe300 Thread added: 0x0000020fc6ece2e0
Event: 129.508 Thread 0x0000020fce1fe300 Thread added: 0x0000020fc6ed1610
Event: 129.508 Thread 0x0000020fce1fe300 Thread added: 0x0000020fc6ecccf0
Event: 129.716 Thread 0x0000020fce1fe300 Thread added: 0x0000020fc6ecea30
Event: 129.719 Thread 0x0000020fce1fe300 Thread added: 0x0000020fc6ecf8d0
Event: 129.834 Thread 0x0000020fce1fe300 Thread exited: 0x0000020fce1fe300
Event: 129.834 Thread 0x0000020fc6ed1d60 Thread added: 0x0000020fc6ed1d60
Event: 129.982 Thread 0x0000020fc5bcff40 Thread added: 0x0000020fc6ed24b0
Event: 129.985 Thread 0x0000020fc6ed24b0 Thread exited: 0x0000020fc6ed24b0
Event: 129.989 Thread 0x0000020fc5b95ed0 Thread added: 0x0000020fc6ed24b0
Event: 129.990 Thread 0x0000020fc6ed24b0 Thread added: 0x0000020fc6ecb700
Event: 130.449 Thread 0x0000020fc6ecb700 Thread exited: 0x0000020fc6ecb700
Event: 130.452 Thread 0x0000020fc6ed24b0 Thread added: 0x0000020fc6ecb700
Event: 130.465 Thread 0x0000020fc6ecb700 Thread exited: 0x0000020fc6ecb700
Event: 134.721 Thread 0x0000020fc714af50 Thread exited: 0x0000020fc714af50
Event: 141.054 Thread 0x0000020fc7218610 Thread exited: 0x0000020fc7218610
Event: 211.690 Thread 0x0000020fc5bcff40 Thread exited: 0x0000020fc5bcff40
Event: 288.835 Thread 0x0000020fde71a710 Thread added: 0x0000020fc6ecb700
Event: 289.432 Thread 0x0000020fde727ca0 Thread added: 0x0000020fc924b930
Event: 289.495 Thread 0x0000020fde71a710 Thread added: 0x0000020fc9251480


Dynamic libraries:
0x00007ff6cf330000 - 0x00007ff6cf33e000 	C:\Users\User\.jdks\openjdk-24.0.1-1\bin\java.exe
0x00007ffc02e30000 - 0x00007ffc03028000 	C:\Windows\SYSTEM32\ntdll.dll
0x00007ffc01000000 - 0x00007ffc010c2000 	C:\Windows\System32\KERNEL32.DLL
0x00007ffc005d0000 - 0x00007ffc008ce000 	C:\Windows\System32\KERNELBASE.dll
0x00007ffc004d0000 - 0x00007ffc005d0000 	C:\Windows\System32\ucrtbase.dll
0x00007ffbf3a90000 - 0x00007ffbf3aab000 	C:\Users\User\.jdks\openjdk-24.0.1-1\bin\VCRUNTIME140.dll
0x00007ffbf3640000 - 0x00007ffbf3656000 	C:\Users\User\.jdks\openjdk-24.0.1-1\bin\jli.dll
0x00007ffc02920000 - 0x00007ffc02abd000 	C:\Windows\System32\USER32.dll
0x00007ffc009c0000 - 0x00007ffc009e2000 	C:\Windows\System32\win32u.dll
0x00007ffbeed20000 - 0x00007ffbeefba000 	C:\Windows\WinSxS\amd64_microsoft.windows.common-controls_6595b64144ccf1df_6.0.19041.4355_none_60b8b9eb71f62e16\COMCTL32.dll
0x00007ffc02bb0000 - 0x00007ffc02bdb000 	C:\Windows\System32\GDI32.dll
0x00007ffc01f00000 - 0x00007ffc01f9e000 	C:\Windows\System32\msvcrt.dll
0x00007ffc00c10000 - 0x00007ffc00d27000 	C:\Windows\System32\gdi32full.dll
0x00007ffc008d0000 - 0x00007ffc0096d000 	C:\Windows\System32\msvcp_win.dll
0x00007ffc02710000 - 0x00007ffc0273f000 	C:\Windows\System32\IMM32.DLL
0x00007ffbfcad0000 - 0x00007ffbfcadc000 	C:\Users\User\.jdks\openjdk-24.0.1-1\bin\vcruntime140_1.dll
0x00007ffbf2bb0000 - 0x00007ffbf2c3e000 	C:\Users\User\.jdks\openjdk-24.0.1-1\bin\msvcp140.dll
0x00007ffb71da0000 - 0x00007ffb72b42000 	C:\Users\User\.jdks\openjdk-24.0.1-1\bin\server\jvm.dll
0x00007ffc011a0000 - 0x00007ffc01252000 	C:\Windows\System32\ADVAPI32.dll
0x00007ffc02880000 - 0x00007ffc02920000 	C:\Windows\System32\sechost.dll
0x00007ffc01c30000 - 0x00007ffc01d53000 	C:\Windows\System32\RPCRT4.dll
0x00007ffc009f0000 - 0x00007ffc00a17000 	C:\Windows\System32\bcrypt.dll
0x00007ffc01e80000 - 0x00007ffc01eeb000 	C:\Windows\System32\WS2_32.dll
0x00007ffbfb280000 - 0x00007ffbfb28a000 	C:\Windows\SYSTEM32\VERSION.dll
0x00007ffc00280000 - 0x00007ffc002cb000 	C:\Windows\SYSTEM32\POWRPROF.dll
0x00007ffbf41f0000 - 0x00007ffbf4217000 	C:\Windows\SYSTEM32\WINMM.dll
0x00007ffc00260000 - 0x00007ffc00272000 	C:\Windows\SYSTEM32\UMPDC.dll
0x00007ffbfe350000 - 0x00007ffbfe362000 	C:\Windows\SYSTEM32\kernel.appcore.dll
0x00007ffbf8eb0000 - 0x00007ffbf8eba000 	C:\Users\User\.jdks\openjdk-24.0.1-1\bin\jimage.dll
0x00007ffbfa870000 - 0x00007ffbfaa54000 	C:\Windows\SYSTEM32\DBGHELP.DLL
0x00007ffbfa830000 - 0x00007ffbfa864000 	C:\Windows\SYSTEM32\dbgcore.DLL
0x00007ffc00a20000 - 0x00007ffc00aa2000 	C:\Windows\System32\bcryptPrimitives.dll
0x00007ffbf1440000 - 0x00007ffbf144f000 	C:\Users\User\.jdks\openjdk-24.0.1-1\bin\instrument.dll
0x00007ffbf3560000 - 0x00007ffbf357e000 	C:\Users\User\.jdks\openjdk-24.0.1-1\bin\java.dll
0x00007ffc016e0000 - 0x00007ffc0180b000 	C:\Windows\System32\ole32.dll
0x00007ffc01810000 - 0x00007ffc01b63000 	C:\Windows\System32\combase.dll
0x00007ffc01fa0000 - 0x00007ffc0270f000 	C:\Windows\System32\SHELL32.dll
0x00007ffbfe550000 - 0x00007ffbfecf4000 	C:\Windows\SYSTEM32\windows.storage.dll
0x00007ffbffe30000 - 0x00007ffbffe5e000 	C:\Windows\SYSTEM32\Wldp.dll
0x00007ffc010d0000 - 0x00007ffc0119d000 	C:\Windows\System32\OLEAUT32.dll
0x00007ffc02740000 - 0x00007ffc027ed000 	C:\Windows\System32\SHCORE.dll
0x00007ffc01b70000 - 0x00007ffc01bc5000 	C:\Windows\System32\shlwapi.dll
0x00007ffc00400000 - 0x00007ffc00424000 	C:\Windows\SYSTEM32\profapi.dll
0x00007ffbf2b70000 - 0x00007ffbf2b87000 	C:\Users\User\.jdks\openjdk-24.0.1-1\bin\zip.dll
0x00007ffbf8de0000 - 0x00007ffbf8df0000 	C:\Users\User\.jdks\openjdk-24.0.1-1\bin\net.dll
0x00007ffbffb90000 - 0x00007ffbffbfa000 	C:\Windows\system32\mswsock.dll
0x00007ffbf2b90000 - 0x00007ffbf2ba6000 	C:\Users\User\.jdks\openjdk-24.0.1-1\bin\nio.dll
0x00007ffbff900000 - 0x00007ffbff9ca000 	C:\Windows\SYSTEM32\DNSAPI.dll
0x00007ffbff870000 - 0x00007ffbff8ab000 	C:\Windows\SYSTEM32\IPHLPAPI.DLL
0x00007ffc016d0000 - 0x00007ffc016d8000 	C:\Windows\System32\NSI.dll
0x00007ffbf7f50000 - 0x00007ffbf7f59000 	C:\Users\User\.jdks\openjdk-24.0.1-1\bin\extnet.dll
0x00007ffbf5530000 - 0x00007ffbf553a000 	C:\Windows\System32\rasadhlp.dll
0x00007ffbf5550000 - 0x00007ffbf55d0000 	C:\Windows\System32\fwpuclnt.dll
0x00007ffbf37d0000 - 0x00007ffbf37da000 	C:\Users\User\.jdks\openjdk-24.0.1-1\bin\management.dll
0x00007ffbf34a0000 - 0x00007ffbf34ab000 	C:\Users\User\.jdks\openjdk-24.0.1-1\bin\management_ext.dll
0x00007ffc02ba0000 - 0x00007ffc02ba8000 	C:\Windows\System32\PSAPI.DLL
0x00007ffbffd80000 - 0x00007ffbffd98000 	C:\Windows\SYSTEM32\CRYPTSP.dll
0x00007ffbff4b0000 - 0x00007ffbff4e4000 	C:\Windows\system32\rsaenh.dll
0x00007ffc00380000 - 0x00007ffc003ae000 	C:\Windows\SYSTEM32\USERENV.dll
0x00007ffbffda0000 - 0x00007ffbffdac000 	C:\Windows\SYSTEM32\CRYPTBASE.dll
0x00007ffbedca0000 - 0x00007ffbedcb7000 	C:\Windows\system32\napinsp.dll
0x00007ffbe84c0000 - 0x00007ffbe84db000 	C:\Windows\system32\pnrpnsp.dll
0x00007ffbf9940000 - 0x00007ffbf9955000 	C:\Windows\system32\wshbth.dll
0x00007ffbfaf00000 - 0x00007ffbfaf1d000 	C:\Windows\system32\NLAapi.dll
0x00007ffbe84a0000 - 0x00007ffbe84b2000 	C:\Windows\System32\winrnr.dll
0x00007ffbf8050000 - 0x00007ffbf805e000 	C:\Users\User\.jdks\openjdk-24.0.1-1\bin\sunmscapi.dll
0x00007ffc00ab0000 - 0x00007ffc00c0c000 	C:\Windows\System32\CRYPT32.dll
0x00007ffbffea0000 - 0x00007ffbffec7000 	C:\Windows\SYSTEM32\ncrypt.dll
0x00007ffbffe60000 - 0x00007ffbffe9b000 	C:\Windows\SYSTEM32\NTASN1.dll
0x00007ffbf8ec0000 - 0x00007ffbf8ed0000 	C:\Users\User\.jdks\openjdk-24.0.1-1\bin\verify.dll
0x00007ffbf5ab0000 - 0x00007ffbf5ab7000 	C:\Windows\system32\wshunix.dll
0x00007ffbabe60000 - 0x00007ffbac058000 	C:\Users\User\AppData\Local\Temp\idea_libasyncProfiler_dll_temp_folder1\libasyncProfiler.dll

JVMTI agents:
C:\Program Files\JetBrains\IntelliJ IDEA 2025.1.2\lib\idea_rt.jar path:C:\Users\User\.jdks\openjdk-24.0.1-1\bin\instrument.dll, loaded, initialized, instrumentlib options:64020

dbghelp: loaded successfully - version: 4.0.5 - missing functions: none
symbol engine: initialized successfully - sym options: 0x614 - pdb path: .;C:\Users\User\.jdks\openjdk-24.0.1-1\bin;C:\Windows\SYSTEM32;C:\Windows\WinSxS\amd64_microsoft.windows.common-controls_6595b64144ccf1df_6.0.19041.4355_none_60b8b9eb71f62e16;C:\Users\User\.jdks\openjdk-24.0.1-1\bin\server;C:\Users\User\AppData\Local\Temp\idea_libasyncProfiler_dll_temp_folder1

VM Arguments:
jvm_args: -XX:TieredStopAtLevel=1 -Dspring.output.ansi.enabled=always -Dcom.sun.management.jmxremote -Dspring.jmx.enabled=true -Dspring.liveBeansView.mbeanDomain -Dspring.application.admin.enabled=true -Dmanagement.endpoints.jmx.exposure.include=* -javaagent:C:\Program Files\JetBrains\IntelliJ IDEA 2025.1.2\lib\idea_rt.jar=64020 -Dfile.encoding=UTF-8 -Dsun.stdout.encoding=UTF-8 -Dsun.stderr.encoding=UTF-8 
java_command: com.onlineshop.springboot.SpringbootApplication
java_class_path (initial): D:\online_shop\springboot\target\classes;C:\Users\User\.m2\repository\org\springframework\boot\spring-boot-starter-data-jpa\3.5.3\spring-boot-starter-data-jpa-3.5.3.jar;C:\Users\User\.m2\repository\org\springframework\boot\spring-boot-starter\3.5.3\spring-boot-starter-3.5.3.jar;C:\Users\User\.m2\repository\org\springframework\boot\spring-boot\3.5.3\spring-boot-3.5.3.jar;C:\Users\User\.m2\repository\org\springframework\boot\spring-boot-autoconfigure\3.5.3\spring-boot-autoconfigure-3.5.3.jar;C:\Users\User\.m2\repository\org\springframework\boot\spring-boot-starter-logging\3.5.3\spring-boot-starter-logging-3.5.3.jar;C:\Users\User\.m2\repository\ch\qos\logback\logback-classic\1.5.18\logback-classic-1.5.18.jar;C:\Users\User\.m2\repository\ch\qos\logback\logback-core\1.5.18\logback-core-1.5.18.jar;C:\Users\User\.m2\repository\org\apache\logging\log4j\log4j-to-slf4j\2.24.3\log4j-to-slf4j-2.24.3.jar;C:\Users\User\.m2\repository\org\apache\logging\log4j\log4j-api\2.24.3\log4j-api-2.24.3.jar;C:\Users\User\.m2\repository\org\slf4j\jul-to-slf4j\2.0.17\jul-to-slf4j-2.0.17.jar;C:\Users\User\.m2\repository\jakarta\annotation\jakarta.annotation-api\2.1.1\jakarta.annotation-api-2.1.1.jar;C:\Users\User\.m2\repository\org\yaml\snakeyaml\2.4\snakeyaml-2.4.jar;C:\Users\User\.m2\repository\org\springframework\boot\spring-boot-starter-jdbc\3.5.3\spring-boot-starter-jdbc-3.5.3.jar;C:\Users\User\.m2\repository\com\zaxxer\HikariCP\6.3.0\HikariCP-6.3.0.jar;C:\Users\User\.m2\repository\org\springframework\spring-jdbc\6.2.8\spring-jdbc-6.2.8.jar;C:\Users\User\.m2\repository\org\hibernate\orm\hibernate-core\6.6.18.Final\hibernate-core-6.6.18.Final.jar;C:\Users\User\.m2\repository\jakarta\persistence\jakarta.persistence-api\3.1.0\jakarta.persistence-api-3.1.0.jar;C:\Users\User\.m2\repository\jakarta\transaction\jakarta.transaction-api\2.0.1\jakarta.transaction-api-2.0.1.jar;C:\Users\User\.m2\repository\org\jboss\logging\jboss-logging\3.6.1.Final\jboss-logging-3.6.1.Final.jar;C:\Users\User\.m2\repository\org\hibernate\common\hibernate-commons-annotations\7.0.3.Final\hibernate-commons-annotations-7.0.3.Final.jar;C:\Users\User\.m2\repository\io\smallrye\jandex\3.2.0\jandex-3.2.0.jar;C:\Users\User\.m2\repository\com\fasterxml\classmate\1.7.0\classmate-1.7.0.jar;C:\Users\User\.m2\repository\net\bytebuddy\byte-buddy\1.17.6\byte-buddy-1.17.6.jar;C:\Users\User\.m2\repository\org\glassfish\jaxb\jaxb-runtime\4.0.5\jaxb-runtime-4.0.5.jar;C:\Users\User\.m2\repository\org\glassfish\jaxb\jaxb-core\4.0.5\jaxb-core-4.0.5.jar;C:\Users\User\.m2\repository\org\eclipse\angus\angus-activation\2.0.2\angus-activation-2.0.2.jar;C:\Users\User\.m2\repository\org\glassfish\jaxb\txw2\4.0.5\txw2-4.0.5.jar;C:\Users\User\.m2\repository\com\sun\istack\istack-commons-runtime\4.1.2\istack-commons-runtime-4.1.2.jar;C:\Users\User\.m2\repository\jakarta\inject\jakarta.inject-api\2.0.1\jakarta.inject-api-2.0.1.jar;C:\Users\User\.m2\repository\org\antlr\antlr4-runtime\4.13.0\antlr4-runtime-4.13.0.jar;C:\Users\User\.m2\repository\org\springframework\data\spring-data-jpa\3.5.1\spring-data-jpa-3.5.1.jar;C:\Users\User\.m2\repository\org\springframework\data\spring-data-commons\3.5.1\spring-data-commons-3.5.1.jar;C:\Users\User\.m2\repository\org\springframework\spring-orm\6.2.8\spring-orm-6.2.8.jar;C:\Users\User\.m2\repository\org\springframework\spring-context\6.2.8\spring-context-6.2.8.jar;C:\Users\User\.m2\repository\org\springframework\spring-aop\6.2.8\spring-aop-6.2.8.jar;C:\Users\User\.m2\repository\org\springframework\spring-tx\6.2.8\spring-tx-6.2.8.jar;C:\Users\User\.m2\repository\org\springframework\spring-beans\6.2.8\spring-beans-6.2.8.jar;C:\Users\User\.m2\repository\org\slf4j\slf4j-api\2.0.17\slf4j-api-2.0.17.jar;C:\Users\User\.m2\repository\org\springframework\spring-aspects\6.2.8\spring-aspects-6.2.8.jar;C:\Users\User\.m2\repository\org\aspectj\aspectjweaver\1.9.24\aspectjweaver-1.9.24.jar;C:\Users\User\.m2\repository\org\springframework\boot\spring-boot-starter-web\3.5.3\spring-boot-starter-web-3.5.3.jar;C:\Users\User\.m2\repository\org\springframework\boot\spring-boot-starter-json\3.5.3\spring-boot-starter-json-3.5.3.jar;C:\Users\User\.m2\repository\com\fasterxml\jackson\core\jackson-databind\2.19.1\jackson-databind-2.19.1.jar;C:\Users\User\.m2\repository\com\fasterxml\jackson\core\jackson-annotations\2.19.1\jackson-annotations-2.19.1.jar;C:\Users\User\.m2\repository\com\fasterxml\jackson\core\jackson-core\2.19.1\jackson-core-2.19.1.jar;C:\Users\User\.m2\repository\com\fasterxml\jackson\datatype\jackson-datatype-jdk8\2.19.1\jackson-datatype-jdk8-2.19.1.jar;C:\Users\User\.m2\repository\com\fasterxml\jackson\datatype\jackson-datatype-jsr310\2.19.1\jackson-datatype-jsr310-2.19.1.jar;C:\Users\User\.m2\repository\com\fasterxml\jackson\module\jackson-module-parameter-names\2.19.1\jackson-module-parameter-names-2.19.1.jar;C:\Users\User\.m2\repository\org\springframework\boot\spring-boot-starter-tomcat\3.5.3\spring-boot-starter-tomcat-3.5.3.jar;C:\Users\User\.m2\repository\org\apache\tomcat\embed\tomcat-embed-core\10.1.42\tomcat-embed-core-10.1.42.jar;C:\Users\User\.m2\repository\org\apache\tomcat\embed\tomcat-embed-el\10.1.42\tomcat-embed-el-10.1.42.jar;C:\Users\User\.m2\repository\org\apache\tomcat\embed\tomcat-embed-websocket\10.1.42\tomcat-embed-websocket-10.1.42.jar;C:\Users\User\.m2\repository\org\springframework\spring-web\6.2.8\spring-web-6.2.8.jar;C:\Users\User\.m2\repository\io\micrometer\micrometer-observation\1.15.1\micrometer-observation-1.15.1.jar;C:\Users\User\.m2\repository\io\micrometer\micrometer-commons\1.15.1\micrometer-commons-1.15.1.jar;C:\Users\User\.m2\repository\org\springframework\spring-webmvc\6.2.8\spring-webmvc-6.2.8.jar;C:\Users\User\.m2\repository\org\springframework\spring-expression\6.2.8\spring-expression-6.2.8.jar;C:\Users\User\.m2\repository\org\postgresql\postgresql\42.7.7\postgresql-42.7.7.jar;C:\Users\User\.m2\repository\org\checkerframework\checker-qual\3.49.3\checker-qual-3.49.3.jar;C:\Users\User\.m2\repository\org\projectlombok\lombok\1.18.38\lombok-1.18.38.jar;C:\Users\User\.m2\repository\jakarta\xml\bind\jakarta.xml.bind-api\4.0.2\jakarta.xml.bind-api-4.0.2.jar;C:\Users\User\.m2\repository\jakarta\activation\jakarta.activation-api\2.1.3\jakarta.activation-api-2.1.3.jar;C:\Users\User\.m2\repository\org\springframework\spring-core\6.2.8\spring-core-6.2.8.jar;C:\Users\User\.m2\repository\org\springframework\spring-jcl\6.2.8\spring-jcl-6.2.8.jar
Launcher Type: SUN_STANDARD

[Global flags]
     intx CICompilerCount                          = 3                                         {product} {ergonomic}
     uint ConcGCThreads                            = 1                                         {product} {ergonomic}
     bool FlightRecorder                           = true                                      {product} {management}
     uint G1ConcRefinementThreads                  = 4                                         {product} {ergonomic}
   size_t G1HeapRegionSize                         = 1048576                                   {product} {ergonomic}
   size_t InitialHeapSize                          = 134217728                                 {product} {ergonomic}
     bool ManagementServer                         = true                                      {product} {command line}
   size_t MarkStackSize                            = 4194304                                   {product} {ergonomic}
   size_t MarkStackSizeMax                         = 536870912                                 {product} {ergonomic}
   size_t MaxHeapSize                              = 2124414976                                {product} {ergonomic}
   size_t MaxNewSize                               = 1274019840                                {product} {ergonomic}
   size_t MinHeapDeltaBytes                        = 1048576                                   {product} {ergonomic}
   size_t MinHeapSize                              = 8388608                                   {product} {ergonomic}
    uintx NonNMethodCodeHeapSize                   = 4096                                   {pd product} {ergonomic}
    uintx NonProfiledCodeHeapSize                  = 0                                      {pd product} {ergonomic}
     bool ProfileInterpreter                       = false                                  {pd product} {command line}
    uintx ProfiledCodeHeapSize                     = 0                                      {pd product} {ergonomic}
   size_t SoftMaxHeapSize                          = 2124414976                             {manageable} {ergonomic}
     intx TieredStopAtLevel                        = 1                                         {product} {command line}
     bool UseCompressedOops                        = true                           {product lp64_product} {ergonomic}
     bool UseG1GC                                  = true                                      {product} {ergonomic}
     bool UseLargePagesIndividualAllocation        = false                                  {pd product} {ergonomic}

Logging:
Log output configuration:
 #0: stdout all=warning uptime,level,tags foldmultilines=false
 #1: stderr all=off uptime,level,tags foldmultilines=false

Environment Variables:
PATH=C:\Program Files (x86)\Common Files\Oracle\Java\javapath;C:\Windows\system32;C:\Windows;C:\Windows\System32\Wbem;C:\Windows\System32\WindowsPowerShell\v1.0\;C:\Windows\System32\OpenSSH\;C:\Program Files\Microsoft SQL Server\150\Tools\Binn\;C:\Program Files\dotnet\;C:\Program Files\Git\cmd;C:\Users\User\AppData\Local\Microsoft\WindowsApps;C:\Users\User\.dotnet\tools;C:\Users\User\AppData\Local\Programs\Microsoft VS Code\bin;C:\Program Files\JetBrains\IntelliJ IDEA Community Edition 2025.1.2\bin;;C:\Program Files\JetBrains\IntelliJ IDEA 2025.1.2\bin;
USERNAME=User
OS=Windows_NT
PROCESSOR_IDENTIFIER=Intel64 Family 6 Model 142 Stepping 10, GenuineIntel
TMP=C:\Users\User\AppData\Local\Temp
TEMP=C:\Users\User\AppData\Local\Temp




Periodic native trim disabled

---------------  S Y S T E M  ---------------

OS:
 Windows 10 , 64 bit Build 19041 (10.0.19041.4957)
OS uptime: 1 days 1:02 hours

CPU: total 4 (initial active 4) (2 cores per cpu, 2 threads per core) family 6 model 142 stepping 10 microcode 0xb4, cx8, cmov, fxsr, ht, mmx, 3dnowpref, sse, sse2, sse3, ssse3, sse4.1, sse4.2, popcnt, lzcnt, tsc, tscinvbit, avx, avx2, aes, erms, clmul, bmi1, bmi2, adx, fma, vzeroupper, clflush, clflushopt, rdtscp, f16c
Processor Information for the first 4 processors :
  Max Mhz: 2208, Current Mhz: 2208, Mhz Limit: 2208

Memory: 4k page, system-wide physical 8101M (651M free)
TotalPageFile size 12453M (AvailPageFile size 1986M)
current process WorkingSet (physical memory assigned to process): 204M, peak: 204M
current process commit charge ("private bytes"): 259M, peak: 259M

vm_info: OpenJDK 64-Bit Server VM (24.0.1+9-30) for windows-amd64 JRE (24.0.1+9-30), built on 2025-03-05T07:23:45Z with MS VC++ 17.6 (VS2022)

END.
